[2013-04-16 20:30:01] error.DEBUG: Uncaught exception has stopped the script with the message blabla in the file /home/bobito/NetBeansProjects/climat/climat.php:102 [] []
[2013-04-16 20:31:33] error.DEBUG: Uncaught exception has stopped the script with the message 'blabla' in the file /home/bobito/NetBeansProjects/climat/climat.php:102 [] []
[2013-04-16 20:49:11] error.DEBUG: Uncaught exception has stopped the script with the message 'blabla' in the file /home/bobito/NetBeansProjects/climat/climat.php:126 [] []
[2013-04-16 20:50:49] error.DEBUG: Uncaught exception has stopped the script with the message 'Level "2" is not defined, use one of: 100, 200, 250, 300, 400, 500, 550, 600' in the file /home/bobito/NetBeansProjects/climat/vendor/monolog/monolog/src/Monolog/Logger.php:341 [] []
[2013-04-16 20:53:53] error.DEBUG: E_WARNING Error has stopped the script with the message 'Missing argument 1 for Monolog\Logger::__construct(), called in /home/bobito/NetBeansProjects/climat/climat.php on line 124 and defined' in the file /home/bobito/NetBeansProjects/climat/vendor/monolog/monolog/src/Monolog/Logger.php:118 [] []
[2013-04-16 20:53:53] error.DEBUG: E_NOTICE Error has stopped the script with the message 'Undefined variable: name' in the file /home/bobito/NetBeansProjects/climat/vendor/monolog/monolog/src/Monolog/Logger.php:120 [] []
[2013-04-16 21:10:41] error.DEBUG: E_WARNING Error has stopped the script with the message 'Missing argument 1 for Monolog\Logger::__construct(), called in /home/bobito/NetBeansProjects/climat/climat.php on line 124 and defined' in the file /home/bobito/NetBeansProjects/climat/vendor/monolog/monolog/src/Monolog/Logger.php:118 [] []
[2013-04-16 21:10:41] error.DEBUG: E_NOTICE Error has stopped the script with the message 'Undefined variable: name' in the file /home/bobito/NetBeansProjects/climat/vendor/monolog/monolog/src/Monolog/Logger.php:120 [] []
[2013-04-16 21:11:30] error.DEBUG: E_WARNING Error has stopped the script with the message 'Missing argument 1 for Monolog\Logger::__construct(), called in /home/bobito/NetBeansProjects/climat/climat.php on line 124 and defined' in the file /home/bobito/NetBeansProjects/climat/vendor/monolog/monolog/src/Monolog/Logger.php:118 [] []
[2013-04-16 21:11:30] error.DEBUG: E_NOTICE Error has stopped the script with the message 'Undefined variable: name' in the file /home/bobito/NetBeansProjects/climat/vendor/monolog/monolog/src/Monolog/Logger.php:120 [] []
[2013-04-16 21:12:44] error.DEBUG: E_WARNING Error happened with the message 'Missing argument 1 for Monolog\Logger::__construct(), called in /home/bobito/NetBeansProjects/climat/climat.php on line 130 and defined' in the file /home/bobito/NetBeansProjects/climat/vendor/monolog/monolog/src/Monolog/Logger.php:118 [] []
[2013-04-16 21:12:44] error.DEBUG: E_NOTICE Error happened with the message 'Undefined variable: name' in the file /home/bobito/NetBeansProjects/climat/vendor/monolog/monolog/src/Monolog/Logger.php:120 [] []
[2013-04-16 21:36:05] error.DEBUG: E_WARNING Error happened with the message 'Missing argument 1 for Monolog\Logger::__construct(), called in /home/bobito/NetBeansProjects/climat/climat.php on line 130 and defined' in the file /home/bobito/NetBeansProjects/climat/vendor/monolog/monolog/src/Monolog/Logger.php:118 [] []
[2013-04-16 21:36:05] error.DEBUG: E_NOTICE Error happened with the message 'Undefined variable: name' in the file /home/bobito/NetBeansProjects/climat/vendor/monolog/monolog/src/Monolog/Logger.php:120 [] []
[2013-04-17 00:58:05] error.DEBUG: E_WARNING Error happened with the message 'Missing argument 1 for Monolog\Logger::__construct(), called in /home/bobito/NetBeansProjects/climat/climat.php on line 130 and defined' in the file /home/bobito/NetBeansProjects/climat/vendor/monolog/monolog/src/Monolog/Logger.php:118 [] []
[2013-04-17 00:58:05] error.DEBUG: E_NOTICE Error happened with the message 'Undefined variable: name' in the file /home/bobito/NetBeansProjects/climat/vendor/monolog/monolog/src/Monolog/Logger.php:120 [] []
[2013-04-17 00:58:10] error.DEBUG: E_WARNING Error happened with the message 'Missing argument 1 for Monolog\Logger::__construct(), called in /home/bobito/NetBeansProjects/climat/climat.php on line 130 and defined' in the file /home/bobito/NetBeansProjects/climat/vendor/monolog/monolog/src/Monolog/Logger.php:118 [] []
[2013-04-17 00:58:10] error.DEBUG: E_NOTICE Error happened with the message 'Undefined variable: name' in the file /home/bobito/NetBeansProjects/climat/vendor/monolog/monolog/src/Monolog/Logger.php:120 [] []
[2013-04-17 00:58:10] error.DEBUG: Uncaught exception has stopped the script with the message 'param aa is not a valid param' in the file /home/bobito/NetBeansProjects/climat/lib/Climat/Router.php:81 [] []
[2013-04-17 00:58:13] error.DEBUG: E_WARNING Error happened with the message 'Missing argument 1 for Monolog\Logger::__construct(), called in /home/bobito/NetBeansProjects/climat/climat.php on line 130 and defined' in the file /home/bobito/NetBeansProjects/climat/vendor/monolog/monolog/src/Monolog/Logger.php:118 [] []
[2013-04-17 00:58:13] error.DEBUG: E_NOTICE Error happened with the message 'Undefined variable: name' in the file /home/bobito/NetBeansProjects/climat/vendor/monolog/monolog/src/Monolog/Logger.php:120 [] []
[2013-04-17 00:58:13] error.DEBUG: Uncaught exception has stopped the script with the message 'param aaaazdza is not a valid param' in the file /home/bobito/NetBeansProjects/climat/lib/Climat/Router.php:81 [] []
[2013-04-17 01:14:06] error.DEBUG: E_WARNING Error happened with the message 'Missing argument 1 for Monolog\Logger::__construct(), called in /home/bobito/NetBeansProjects/climat/climat.php on line 130 and defined' in the file /home/bobito/NetBeansProjects/climat/vendor/monolog/monolog/src/Monolog/Logger.php:118 [] []
[2013-04-17 01:14:06] error.DEBUG: E_NOTICE Error happened with the message 'Undefined variable: name' in the file /home/bobito/NetBeansProjects/climat/vendor/monolog/monolog/src/Monolog/Logger.php:120 [] []
[2013-04-17 01:15:04] error.DEBUG: E_WARNING Error happened with the message 'Missing argument 1 for Monolog\Logger::__construct(), called in /home/bobito/NetBeansProjects/climat/climat.php on line 130 and defined' in the file /home/bobito/NetBeansProjects/climat/vendor/monolog/monolog/src/Monolog/Logger.php:118 [] []
[2013-04-17 01:15:04] error.DEBUG: E_NOTICE Error happened with the message 'Undefined variable: name' in the file /home/bobito/NetBeansProjects/climat/vendor/monolog/monolog/src/Monolog/Logger.php:120 [] []
[2013-04-17 01:15:13] error.DEBUG: E_WARNING Error happened with the message 'Missing argument 1 for Monolog\Logger::__construct(), called in /home/bobito/NetBeansProjects/climat/climat.php on line 130 and defined' in the file /home/bobito/NetBeansProjects/climat/vendor/monolog/monolog/src/Monolog/Logger.php:118 [] []
[2013-04-17 01:15:13] error.DEBUG: E_NOTICE Error happened with the message 'Undefined variable: name' in the file /home/bobito/NetBeansProjects/climat/vendor/monolog/monolog/src/Monolog/Logger.php:120 [] []
[2013-04-17 01:24:02] error.DEBUG: E_WARNING Error happened with the message 'Missing argument 1 for Monolog\Logger::__construct(), called in /home/bobito/NetBeansProjects/climat/climat.php on line 130 and defined' in the file /home/bobito/NetBeansProjects/climat/vendor/monolog/monolog/src/Monolog/Logger.php:118 [] []
[2013-04-17 01:24:02] error.DEBUG: E_NOTICE Error happened with the message 'Undefined variable: name' in the file /home/bobito/NetBeansProjects/climat/vendor/monolog/monolog/src/Monolog/Logger.php:120 [] []
[2013-04-17 01:24:06] error.DEBUG: E_WARNING Error happened with the message 'Missing argument 1 for Monolog\Logger::__construct(), called in /home/bobito/NetBeansProjects/climat/climat.php on line 130 and defined' in the file /home/bobito/NetBeansProjects/climat/vendor/monolog/monolog/src/Monolog/Logger.php:118 [] []
[2013-04-17 01:24:06] error.DEBUG: E_NOTICE Error happened with the message 'Undefined variable: name' in the file /home/bobito/NetBeansProjects/climat/vendor/monolog/monolog/src/Monolog/Logger.php:120 [] []
[2013-04-17 01:24:13] error.DEBUG: E_WARNING Error happened with the message 'Missing argument 1 for Monolog\Logger::__construct(), called in /home/bobito/NetBeansProjects/climat/climat.php on line 130 and defined' in the file /home/bobito/NetBeansProjects/climat/vendor/monolog/monolog/src/Monolog/Logger.php:118 [] []
[2013-04-17 01:24:13] error.DEBUG: E_NOTICE Error happened with the message 'Undefined variable: name' in the file /home/bobito/NetBeansProjects/climat/vendor/monolog/monolog/src/Monolog/Logger.php:120 [] []
[2013-04-17 01:24:26] error.DEBUG: E_WARNING Error happened with the message 'Missing argument 1 for Monolog\Logger::__construct(), called in /home/bobito/NetBeansProjects/climat/climat.php on line 130 and defined' in the file /home/bobito/NetBeansProjects/climat/vendor/monolog/monolog/src/Monolog/Logger.php:118 [] []
[2013-04-17 01:24:26] error.DEBUG: E_NOTICE Error happened with the message 'Undefined variable: name' in the file /home/bobito/NetBeansProjects/climat/vendor/monolog/monolog/src/Monolog/Logger.php:120 [] []
[2013-04-17 01:24:37] error.DEBUG: E_WARNING Error happened with the message 'Missing argument 1 for Monolog\Logger::__construct(), called in /home/bobito/NetBeansProjects/climat/climat.php on line 130 and defined' in the file /home/bobito/NetBeansProjects/climat/vendor/monolog/monolog/src/Monolog/Logger.php:118 [] []
[2013-04-17 01:24:37] error.DEBUG: E_NOTICE Error happened with the message 'Undefined variable: name' in the file /home/bobito/NetBeansProjects/climat/vendor/monolog/monolog/src/Monolog/Logger.php:120 [] []
[2013-04-17 01:24:44] error.DEBUG: E_WARNING Error happened with the message 'Missing argument 1 for Monolog\Logger::__construct(), called in /home/bobito/NetBeansProjects/climat/climat.php on line 130 and defined' in the file /home/bobito/NetBeansProjects/climat/vendor/monolog/monolog/src/Monolog/Logger.php:118 [] []
[2013-04-17 01:24:44] error.DEBUG: E_NOTICE Error happened with the message 'Undefined variable: name' in the file /home/bobito/NetBeansProjects/climat/vendor/monolog/monolog/src/Monolog/Logger.php:120 [] []
[2013-04-17 01:25:02] error.DEBUG: E_WARNING Error happened with the message 'Missing argument 1 for Monolog\Logger::__construct(), called in /home/bobito/NetBeansProjects/climat/climat.php on line 130 and defined' in the file /home/bobito/NetBeansProjects/climat/vendor/monolog/monolog/src/Monolog/Logger.php:118 [] []
[2013-04-17 01:25:02] error.DEBUG: E_NOTICE Error happened with the message 'Undefined variable: name' in the file /home/bobito/NetBeansProjects/climat/vendor/monolog/monolog/src/Monolog/Logger.php:120 [] []
